-------------------------------------------------------------------------------
Test set: voucherengine.SmartVoucherValidatorTest
-------------------------------------------------------------------------------
Tests run: 18, Failures: 0, Errors: 18, Skipped: 0, Time elapsed: 0.051 s <<< FAILURE! - in voucherengine.SmartVoucherValidatorTest
testEmptyVoucherCode  Time elapsed: 0.014 s  <<< ERROR!
java.lang.Error: 
Unresolved compilation problems: 
	The import org.junit.jupiter.params cannot be resolved
	The import org.junit.jupiter.params cannot be resolved
	The import org.junit.jupiter.params cannot be resolved
	ParameterizedTest cannot be resolved to a type
	ValueSource cannot be resolved to a type
	ParameterizedTest cannot be resolved to a type
	ValueSource cannot be resolved to a type
	Syntax error, insert "}" to complete MemberValueArrayInitializer
	Syntax error, insert ")" to complete Modifier
	ParameterizedTest cannot be resolved to a type
	ValueSource cannot be resolved to a type
	ParameterizedTest cannot be resolved to a type
	ValueSource cannot be resolved to a type
	ParameterizedTest cannot be resolved to a type
	ValueSource cannot be resolved to a type
	ParameterizedTest cannot be resolved to a type
	ValueSource cannot be resolved to a type
	ParameterizedTest cannot be resolved to a type
	CsvSource cannot be resolved to a type
	ParameterizedTest cannot be resolved to a type
	ValueSource cannot be resolved to a type
	ParameterizedTest cannot be resolved to a type
	ValueSource cannot be resolved to a type

	at voucherengine.SmartVoucherValidatorTest.<init>(SmartVoucherValidatorTest.java:10)

testRequestWithNullCode  Time elapsed: 0.001 s  <<< ERROR!
java.lang.Error: 
Unresolved compilation problems: 
	The import org.junit.jupiter.params cannot be resolved
	The import org.junit.jupiter.params cannot be resolved
	The import org.junit.jupiter.params cannot be resolved
	ParameterizedTest cannot be resolved to a type
	ValueSource cannot be resolved to a type
	ParameterizedTest cannot be resolved to a type
	ValueSource cannot be resolved to a type
	Syntax error, insert "}" to complete MemberValueArrayInitializer
	Syntax error, insert ")" to complete Modifier
	ParameterizedTest cannot be resolved to a type
	ValueSource cannot be resolved to a type
	ParameterizedTest cannot be resolved to a type
	ValueSource cannot be resolved to a type
	ParameterizedTest cannot be resolved to a type
	ValueSource cannot be resolved to a type
	ParameterizedTest cannot be resolved to a type
	ValueSource cannot be resolved to a type
	ParameterizedTest cannot be resolved to a type
	CsvSource cannot be resolved to a type
	ParameterizedTest cannot be resolved to a type
	ValueSource cannot be resolved to a type
	ParameterizedTest cannot be resolved to a type
	ValueSource cannot be resolved to a type

	at voucherengine.SmartVoucherValidatorTest.<init>(SmartVoucherValidatorTest.java:10)

testRequestWithNullDate  Time elapsed: 0 s  <<< ERROR!
java.lang.Error: 
Unresolved compilation problems: 
	The import org.junit.jupiter.params cannot be resolved
	The import org.junit.jupiter.params cannot be resolved
	The import org.junit.jupiter.params cannot be resolved
	ParameterizedTest cannot be resolved to a type
	ValueSource cannot be resolved to a type
	ParameterizedTest cannot be resolved to a type
	ValueSource cannot be resolved to a type
	Syntax error, insert "}" to complete MemberValueArrayInitializer
	Syntax error, insert ")" to complete Modifier
	ParameterizedTest cannot be resolved to a type
	ValueSource cannot be resolved to a type
	ParameterizedTest cannot be resolved to a type
	ValueSource cannot be resolved to a type
	ParameterizedTest cannot be resolved to a type
	ValueSource cannot be resolved to a type
	ParameterizedTest cannot be resolved to a type
	ValueSource cannot be resolved to a type
	ParameterizedTest cannot be resolved to a type
	CsvSource cannot be resolved to a type
	ParameterizedTest cannot be resolved to a type
	ValueSource cannot be resolved to a type
	ParameterizedTest cannot be resolved to a type
	ValueSource cannot be resolved to a type

	at voucherengine.SmartVoucherValidatorTest.<init>(SmartVoucherValidatorTest.java:10)

testNullDate  Time elapsed: 0 s  <<< ERROR!
java.lang.Error: 
Unresolved compilation problems: 
	The import org.junit.jupiter.params cannot be resolved
	The import org.junit.jupiter.params cannot be resolved
	The import org.junit.jupiter.params cannot be resolved
	ParameterizedTest cannot be resolved to a type
	ValueSource cannot be resolved to a type
	ParameterizedTest cannot be resolved to a type
	ValueSource cannot be resolved to a type
	Syntax error, insert "}" to complete MemberValueArrayInitializer
	Syntax error, insert ")" to complete Modifier
	ParameterizedTest cannot be resolved to a type
	ValueSource cannot be resolved to a type
	ParameterizedTest cannot be resolved to a type
	ValueSource cannot be resolved to a type
	ParameterizedTest cannot be resolved to a type
	ValueSource cannot be resolved to a type
	ParameterizedTest cannot be resolved to a type
	ValueSource cannot be resolved to a type
	ParameterizedTest cannot be resolved to a type
	CsvSource cannot be resolved to a type
	ParameterizedTest cannot be resolved to a type
	ValueSource cannot be resolved to a type
	ParameterizedTest cannot be resolved to a type
	ValueSource cannot be resolved to a type

	at voucherengine.SmartVoucherValidatorTest.<init>(SmartVoucherValidatorTest.java:10)

testNullVoucherCode  Time elapsed: 0.001 s  <<< ERROR!
java.lang.Error: 
Unresolved compilation problems: 
	The import org.junit.jupiter.params cannot be resolved
	The import org.junit.jupiter.params cannot be resolved
	The import org.junit.jupiter.params cannot be resolved
	ParameterizedTest cannot be resolved to a type
	ValueSource cannot be resolved to a type
	ParameterizedTest cannot be resolved to a type
	ValueSource cannot be resolved to a type
	Syntax error, insert "}" to complete MemberValueArrayInitializer
	Syntax error, insert ")" to complete Modifier
	ParameterizedTest cannot be resolved to a type
	ValueSource cannot be resolved to a type
	ParameterizedTest cannot be resolved to a type
	ValueSource cannot be resolved to a type
	ParameterizedTest cannot be resolved to a type
	ValueSource cannot be resolved to a type
	ParameterizedTest cannot be resolved to a type
	ValueSource cannot be resolved to a type
	ParameterizedTest cannot be resolved to a type
	CsvSource cannot be resolved to a type
	ParameterizedTest cannot be resolved to a type
	ValueSource cannot be resolved to a type
	ParameterizedTest cannot be resolved to a type
	ValueSource cannot be resolved to a type

	at voucherengine.SmartVoucherValidatorTest.<init>(SmartVoucherValidatorTest.java:10)

testValidCodeWithInvalidDate  Time elapsed: 0.001 s  <<< ERROR!
java.lang.Error: 
Unresolved compilation problems: 
	The import org.junit.jupiter.params cannot be resolved
	The import org.junit.jupiter.params cannot be resolved
	The import org.junit.jupiter.params cannot be resolved
	ParameterizedTest cannot be resolved to a type
	ValueSource cannot be resolved to a type
	ParameterizedTest cannot be resolved to a type
	ValueSource cannot be resolved to a type
	Syntax error, insert "}" to complete MemberValueArrayInitializer
	Syntax error, insert ")" to complete Modifier
	ParameterizedTest cannot be resolved to a type
	ValueSource cannot be resolved to a type
	ParameterizedTest cannot be resolved to a type
	ValueSource cannot be resolved to a type
	ParameterizedTest cannot be resolved to a type
	ValueSource cannot be resolved to a type
	ParameterizedTest cannot be resolved to a type
	ValueSource cannot be resolved to a type
	ParameterizedTest cannot be resolved to a type
	CsvSource cannot be resolved to a type
	ParameterizedTest cannot be resolved to a type
	ValueSource cannot be resolved to a type
	ParameterizedTest cannot be resolved to a type
	ValueSource cannot be resolved to a type

	at voucherengine.SmartVoucherValidatorTest.<init>(SmartVoucherValidatorTest.java:10)

testEvenDigitSum18  Time elapsed: 0.001 s  <<< ERROR!
java.lang.Error: 
Unresolved compilation problems: 
	The import org.junit.jupiter.params cannot be resolved
	The import org.junit.jupiter.params cannot be resolved
	The import org.junit.jupiter.params cannot be resolved
	ParameterizedTest cannot be resolved to a type
	ValueSource cannot be resolved to a type
	ParameterizedTest cannot be resolved to a type
	ValueSource cannot be resolved to a type
	Syntax error, insert "}" to complete MemberValueArrayInitializer
	Syntax error, insert ")" to complete Modifier
	ParameterizedTest cannot be resolved to a type
	ValueSource cannot be resolved to a type
	ParameterizedTest cannot be resolved to a type
	ValueSource cannot be resolved to a type
	ParameterizedTest cannot be resolved to a type
	ValueSource cannot be resolved to a type
	ParameterizedTest cannot be resolved to a type
	ValueSource cannot be resolved to a type
	ParameterizedTest cannot be resolved to a type
	CsvSource cannot be resolved to a type
	ParameterizedTest cannot be resolved to a type
	ValueSource cannot be resolved to a type
	ParameterizedTest cannot be resolved to a type
	ValueSource cannot be resolved to a type

	at voucherengine.SmartVoucherValidatorTest.<init>(SmartVoucherValidatorTest.java:10)

testEvenDigitSum0  Time elapsed: 0.001 s  <<< ERROR!
java.lang.Error: 
Unresolved compilation problems: 
	The import org.junit.jupiter.params cannot be resolved
	The import org.junit.jupiter.params cannot be resolved
	The import org.junit.jupiter.params cannot be resolved
	ParameterizedTest cannot be resolved to a type
	ValueSource cannot be resolved to a type
	ParameterizedTest cannot be resolved to a type
	ValueSource cannot be resolved to a type
	Syntax error, insert "}" to complete MemberValueArrayInitializer
	Syntax error, insert ")" to complete Modifier
	ParameterizedTest cannot be resolved to a type
	ValueSource cannot be resolved to a type
	ParameterizedTest cannot be resolved to a type
	ValueSource cannot be resolved to a type
	ParameterizedTest cannot be resolved to a type
	ValueSource cannot be resolved to a type
	ParameterizedTest cannot be resolved to a type
	ValueSource cannot be resolved to a type
	ParameterizedTest cannot be resolved to a type
	CsvSource cannot be resolved to a type
	ParameterizedTest cannot be resolved to a type
	ValueSource cannot be resolved to a type
	ParameterizedTest cannot be resolved to a type
	ValueSource cannot be resolved to a type

	at voucherengine.SmartVoucherValidatorTest.<init>(SmartVoucherValidatorTest.java:10)

testEvenDigitSum2  Time elapsed: 0 s  <<< ERROR!
java.lang.Error: 
Unresolved compilation problems: 
	The import org.junit.jupiter.params cannot be resolved
	The import org.junit.jupiter.params cannot be resolved
	The import org.junit.jupiter.params cannot be resolved
	ParameterizedTest cannot be resolved to a type
	ValueSource cannot be resolved to a type
	ParameterizedTest cannot be resolved to a type
	ValueSource cannot be resolved to a type
	Syntax error, insert "}" to complete MemberValueArrayInitializer
	Syntax error, insert ")" to complete Modifier
	ParameterizedTest cannot be resolved to a type
	ValueSource cannot be resolved to a type
	ParameterizedTest cannot be resolved to a type
	ValueSource cannot be resolved to a type
	ParameterizedTest cannot be resolved to a type
	ValueSource cannot be resolved to a type
	ParameterizedTest cannot be resolved to a type
	ValueSource cannot be resolved to a type
	ParameterizedTest cannot be resolved to a type
	CsvSource cannot be resolved to a type
	ParameterizedTest cannot be resolved to a type
	ValueSource cannot be resolved to a type
	ParameterizedTest cannot be resolved to a type
	ValueSource cannot be resolved to a type

	at voucherengine.SmartVoucherValidatorTest.<init>(SmartVoucherValidatorTest.java:10)

testInvalidRequest  Time elapsed: 0 s  <<< ERROR!
java.lang.Error: 
Unresolved compilation problems: 
	The import org.junit.jupiter.params cannot be resolved
	The import org.junit.jupiter.params cannot be resolved
	The import org.junit.jupiter.params cannot be resolved
	ParameterizedTest cannot be resolved to a type
	ValueSource cannot be resolved to a type
	ParameterizedTest cannot be resolved to a type
	ValueSource cannot be resolved to a type
	Syntax error, insert "}" to complete MemberValueArrayInitializer
	Syntax error, insert ")" to complete Modifier
	ParameterizedTest cannot be resolved to a type
	ValueSource cannot be resolved to a type
	ParameterizedTest cannot be resolved to a type
	ValueSource cannot be resolved to a type
	ParameterizedTest cannot be resolved to a type
	ValueSource cannot be resolved to a type
	ParameterizedTest cannot be resolved to a type
	ValueSource cannot be resolved to a type
	ParameterizedTest cannot be resolved to a type
	CsvSource cannot be resolved to a type
	ParameterizedTest cannot be resolved to a type
	ValueSource cannot be resolved to a type
	ParameterizedTest cannot be resolved to a type
	ValueSource cannot be resolved to a type

	at voucherengine.SmartVoucherValidatorTest.<init>(SmartVoucherValidatorTest.java:10)

testValidCodeWithValidDate  Time elapsed: 0.001 s  <<< ERROR!
java.lang.Error: 
Unresolved compilation problems: 
	The import org.junit.jupiter.params cannot be resolved
	The import org.junit.jupiter.params cannot be resolved
	The import org.junit.jupiter.params cannot be resolved
	ParameterizedTest cannot be resolved to a type
	ValueSource cannot be resolved to a type
	ParameterizedTest cannot be resolved to a type
	ValueSource cannot be resolved to a type
	Syntax error, insert "}" to complete MemberValueArrayInitializer
	Syntax error, insert ")" to complete Modifier
	ParameterizedTest cannot be resolved to a type
	ValueSource cannot be resolved to a type
	ParameterizedTest cannot be resolved to a type
	ValueSource cannot be resolved to a type
	ParameterizedTest cannot be resolved to a type
	ValueSource cannot be resolved to a type
	ParameterizedTest cannot be resolved to a type
	ValueSource cannot be resolved to a type
	ParameterizedTest cannot be resolved to a type
	CsvSource cannot be resolved to a type
	ParameterizedTest cannot be resolved to a type
	ValueSource cannot be resolved to a type
	ParameterizedTest cannot be resolved to a type
	ValueSource cannot be resolved to a type

	at voucherengine.SmartVoucherValidatorTest.<init>(SmartVoucherValidatorTest.java:10)

testNullTransactionDate  Time elapsed: 0.001 s  <<< ERROR!
java.lang.Error: 
Unresolved compilation problems: 
	The import org.junit.jupiter.params cannot be resolved
	The import org.junit.jupiter.params cannot be resolved
	The import org.junit.jupiter.params cannot be resolved
	ParameterizedTest cannot be resolved to a type
	ValueSource cannot be resolved to a type
	ParameterizedTest cannot be resolved to a type
	ValueSource cannot be resolved to a type
	Syntax error, insert "}" to complete MemberValueArrayInitializer
	Syntax error, insert ")" to complete Modifier
	ParameterizedTest cannot be resolved to a type
	ValueSource cannot be resolved to a type
	ParameterizedTest cannot be resolved to a type
	ValueSource cannot be resolved to a type
	ParameterizedTest cannot be resolved to a type
	ValueSource cannot be resolved to a type
	ParameterizedTest cannot be resolved to a type
	ValueSource cannot be resolved to a type
	ParameterizedTest cannot be resolved to a type
	CsvSource cannot be resolved to a type
	ParameterizedTest cannot be resolved to a type
	ValueSource cannot be resolved to a type
	ParameterizedTest cannot be resolved to a type
	ValueSource cannot be resolved to a type

	at voucherengine.SmartVoucherValidatorTest.<init>(SmartVoucherValidatorTest.java:10)

testInvalidCodeWithValidDate  Time elapsed: 0.001 s  <<< ERROR!
java.lang.Error: 
Unresolved compilation problems: 
	The import org.junit.jupiter.params cannot be resolved
	The import org.junit.jupiter.params cannot be resolved
	The import org.junit.jupiter.params cannot be resolved
	ParameterizedTest cannot be resolved to a type
	ValueSource cannot be resolved to a type
	ParameterizedTest cannot be resolved to a type
	ValueSource cannot be resolved to a type
	Syntax error, insert "}" to complete MemberValueArrayInitializer
	Syntax error, insert ")" to complete Modifier
	ParameterizedTest cannot be resolved to a type
	ValueSource cannot be resolved to a type
	ParameterizedTest cannot be resolved to a type
	ValueSource cannot be resolved to a type
	ParameterizedTest cannot be resolved to a type
	ValueSource cannot be resolved to a type
	ParameterizedTest cannot be resolved to a type
	ValueSource cannot be resolved to a type
	ParameterizedTest cannot be resolved to a type
	CsvSource cannot be resolved to a type
	ParameterizedTest cannot be resolved to a type
	ValueSource cannot be resolved to a type
	ParameterizedTest cannot be resolved to a type
	ValueSource cannot be resolved to a type

	at voucherengine.SmartVoucherValidatorTest.<init>(SmartVoucherValidatorTest.java:10)

testValidRequest  Time elapsed: 0.001 s  <<< ERROR!
java.lang.Error: 
Unresolved compilation problems: 
	The import org.junit.jupiter.params cannot be resolved
	The import org.junit.jupiter.params cannot be resolved
	The import org.junit.jupiter.params cannot be resolved
	ParameterizedTest cannot be resolved to a type
	ValueSource cannot be resolved to a type
	ParameterizedTest cannot be resolved to a type
	ValueSource cannot be resolved to a type
	Syntax error, insert "}" to complete MemberValueArrayInitializer
	Syntax error, insert ")" to complete Modifier
	ParameterizedTest cannot be resolved to a type
	ValueSource cannot be resolved to a type
	ParameterizedTest cannot be resolved to a type
	ValueSource cannot be resolved to a type
	ParameterizedTest cannot be resolved to a type
	ValueSource cannot be resolved to a type
	ParameterizedTest cannot be resolved to a type
	ValueSource cannot be resolved to a type
	ParameterizedTest cannot be resolved to a type
	CsvSource cannot be resolved to a type
	ParameterizedTest cannot be resolved to a type
	ValueSource cannot be resolved to a type
	ParameterizedTest cannot be resolved to a type
	ValueSource cannot be resolved to a type

	at voucherengine.SmartVoucherValidatorTest.<init>(SmartVoucherValidatorTest.java:10)

testEndToEndWithBoundaryDates  Time elapsed: 0.001 s  <<< ERROR!
java.lang.Error: 
Unresolved compilation problems: 
	The import org.junit.jupiter.params cannot be resolved
	The import org.junit.jupiter.params cannot be resolved
	The import org.junit.jupiter.params cannot be resolved
	ParameterizedTest cannot be resolved to a type
	ValueSource cannot be resolved to a type
	ParameterizedTest cannot be resolved to a type
	ValueSource cannot be resolved to a type
	Syntax error, insert "}" to complete MemberValueArrayInitializer
	Syntax error, insert ")" to complete Modifier
	ParameterizedTest cannot be resolved to a type
	ValueSource cannot be resolved to a type
	ParameterizedTest cannot be resolved to a type
	ValueSource cannot be resolved to a type
	ParameterizedTest cannot be resolved to a type
	ValueSource cannot be resolved to a type
	ParameterizedTest cannot be resolved to a type
	ValueSource cannot be resolved to a type
	ParameterizedTest cannot be resolved to a type
	CsvSource cannot be resolved to a type
	ParameterizedTest cannot be resolved to a type
	ValueSource cannot be resolved to a type
	ParameterizedTest cannot be resolved to a type
	ValueSource cannot be resolved to a type

	at voucherengine.SmartVoucherValidatorTest.<init>(SmartVoucherValidatorTest.java:10)

testValidDateRangeAnyMonth  Time elapsed: 0.001 s  <<< ERROR!
java.lang.Error: 
Unresolved compilation problems: 
	The import org.junit.jupiter.params cannot be resolved
	The import org.junit.jupiter.params cannot be resolved
	The import org.junit.jupiter.params cannot be resolved
	ParameterizedTest cannot be resolved to a type
	ValueSource cannot be resolved to a type
	ParameterizedTest cannot be resolved to a type
	ValueSource cannot be resolved to a type
	Syntax error, insert "}" to complete MemberValueArrayInitializer
	Syntax error, insert ")" to complete Modifier
	ParameterizedTest cannot be resolved to a type
	ValueSource cannot be resolved to a type
	ParameterizedTest cannot be resolved to a type
	ValueSource cannot be resolved to a type
	ParameterizedTest cannot be resolved to a type
	ValueSource cannot be resolved to a type
	ParameterizedTest cannot be resolved to a type
	ValueSource cannot be resolved to a type
	ParameterizedTest cannot be resolved to a type
	CsvSource cannot be resolved to a type
	ParameterizedTest cannot be resolved to a type
	ValueSource cannot be resolved to a type
	ParameterizedTest cannot be resolved to a type
	ValueSource cannot be resolved to a type

	at voucherengine.SmartVoucherValidatorTest.<init>(SmartVoucherValidatorTest.java:10)

testMultipleValidCodes  Time elapsed: 0 s  <<< ERROR!
java.lang.Error: 
Unresolved compilation problems: 
	The import org.junit.jupiter.params cannot be resolved
	The import org.junit.jupiter.params cannot be resolved
	The import org.junit.jupiter.params cannot be resolved
	ParameterizedTest cannot be resolved to a type
	ValueSource cannot be resolved to a type
	ParameterizedTest cannot be resolved to a type
	ValueSource cannot be resolved to a type
	Syntax error, insert "}" to complete MemberValueArrayInitializer
	Syntax error, insert ")" to complete Modifier
	ParameterizedTest cannot be resolved to a type
	ValueSource cannot be resolved to a type
	ParameterizedTest cannot be resolved to a type
	ValueSource cannot be resolved to a type
	ParameterizedTest cannot be resolved to a type
	ValueSource cannot be resolved to a type
	ParameterizedTest cannot be resolved to a type
	ValueSource cannot be resolved to a type
	ParameterizedTest cannot be resolved to a type
	CsvSource cannot be resolved to a type
	ParameterizedTest cannot be resolved to a type
	ValueSource cannot be resolved to a type
	ParameterizedTest cannot be resolved to a type
	ValueSource cannot be resolved to a type

	at voucherengine.SmartVoucherValidatorTest.<init>(SmartVoucherValidatorTest.java:10)

testNullRequest  Time elapsed: 0.003 s  <<< ERROR!
java.lang.Error: 
Unresolved compilation problems: 
	The import org.junit.jupiter.params cannot be resolved
	The import org.junit.jupiter.params cannot be resolved
	The import org.junit.jupiter.params cannot be resolved
	ParameterizedTest cannot be resolved to a type
	ValueSource cannot be resolved to a type
	ParameterizedTest cannot be resolved to a type
	ValueSource cannot be resolved to a type
	Syntax error, insert "}" to complete MemberValueArrayInitializer
	Syntax error, insert ")" to complete Modifier
	ParameterizedTest cannot be resolved to a type
	ValueSource cannot be resolved to a type
	ParameterizedTest cannot be resolved to a type
	ValueSource cannot be resolved to a type
	ParameterizedTest cannot be resolved to a type
	ValueSource cannot be resolved to a type
	ParameterizedTest cannot be resolved to a type
	ValueSource cannot be resolved to a type
	ParameterizedTest cannot be resolved to a type
	CsvSource cannot be resolved to a type
	ParameterizedTest cannot be resolved to a type
	ValueSource cannot be resolved to a type
	ParameterizedTest cannot be resolved to a type
	ValueSource cannot be resolved to a type

	at voucherengine.SmartVoucherValidatorTest.<init>(SmartVoucherValidatorTest.java:10)

